This file contains any messages produced by compilers while
running configure, to aid debugging if configure makes a mistake.

It was created by permanentrecord configure 0.0.1, which was
generated by GNU Autoconf 2.69.  Invocation command line was

  $ ./configure 

## --------- ##
## Platform. ##
## --------- ##

hostname = keyboard-amnesia-asshole-acer2016
uname -m = x86_64
uname -r = 4.9.56-isptv
uname -s = Linux
uname -v = #1 SMP PREEMPT Mon Oct 16 12:52:40 PDT 2017

/usr/bin/uname -p = unknown
/bin/uname -X     = unknown

/bin/arch              = unknown
/usr/bin/arch -k       = unknown
/usr/convex/getsysinfo = unknown
/usr/bin/hostinfo      = unknown
/bin/machine           = unknown
/usr/bin/oslevel       = unknown
/bin/universe          = unknown

PATH: /usr/local/sbin
PATH: /usr/local/bin
PATH: /sbin
PATH: /bin
PATH: /usr/sbin
PATH: /usr/bin


## ----------- ##
## Core tests. ##
## ----------- ##

configure:2497: checking build system type
configure:2511: result: x86_64-unknown-linux-gnu
configure:2531: checking host system type
configure:2544: result: x86_64-unknown-linux-gnu
configure:2582: checking for a BSD-compatible install
configure:2650: result: /usr/bin/install -c
configure:2661: checking whether build environment is sane
configure:2716: result: yes
configure:2867: checking for a thread-safe mkdir -p
configure:2906: result: /bin/mkdir -p
configure:2913: checking for gawk
configure:2929: found /usr/bin/gawk
configure:2940: result: gawk
configure:2951: checking whether make sets $(MAKE)
configure:2973: result: yes
configure:3002: checking whether make supports nested variables
configure:3019: result: yes
configure:3147: checking whether make sets $(MAKE)
configure:3169: result: yes
configure:3226: checking for gcc
configure:3242: found /usr/bin/gcc
configure:3253: result: gcc
configure:3482: checking for C compiler version
configure:3491: gcc --version >&5
gcc (GCC) 4.6.3
Copyright (C) 2011 Free Software Foundation, Inc.
This is free software; see the source for copying conditions.  There is NO
warranty; not even for MERCHANTABILITY or FITNESS FOR A PARTICULAR PURPOSE.

configure:3502: $? = 0
configure:3491: gcc -v >&5
Using built-in specs.
COLLECT_GCC=gcc
COLLECT_LTO_WRAPPER=/usr/libexec/gcc/x86_64-pc-linux-gnu/4.6.3/lto-wrapper
Target: x86_64-pc-linux-gnu
Configured with: ./configure --prefix=/usr --enable-static --enable-shared --with-gmp=//usr --with-mpfr=//usr --with-mpc=//usr --with-cloog=//usr --with-ppl=//usr --enable-cloog-backend=isl --enable-languages=c,c++,objc,obj-c++ --enable-threads --enable-libssp --enable-libmudflap --enable-libstdcxx-pch --enable-boehm-gc --enable-libgomp --disable-sjlj-exceptions --host=x86_64-pc-linux-gnu --target=x86_64-pc-linux-gnu --build=x86_64-pc-linux-gnu --disable-multilib --config-cache --cache-file=config.cache.used.for.build --libdir=/usr/lib64 --with-libdir=/usr/lib64
Thread model: posix
gcc version 4.6.3 (GCC) 
configure:3502: $? = 0
configure:3491: gcc -V >&5
gcc: error: unrecognized option '-V'
gcc: fatal error: no input files
compilation terminated.
configure:3502: $? = 1
configure:3491: gcc -qversion >&5
gcc: error: unrecognized option '-qversion'
gcc: fatal error: no input files
compilation terminated.
configure:3502: $? = 1
configure:3522: checking whether the C compiler works
configure:3544: gcc    conftest.c  >&5
configure:3548: $? = 0
configure:3596: result: yes
configure:3599: checking for C compiler default output file name
configure:3601: result: a.out
configure:3607: checking for suffix of executables
configure:3614: gcc -o conftest    conftest.c  >&5
configure:3618: $? = 0
configure:3640: result: 
configure:3662: checking whether we are cross compiling
configure:3670: gcc -o conftest    conftest.c  >&5
configure:3674: $? = 0
configure:3681: ./conftest
configure:3685: $? = 0
configure:3700: result: no
configure:3705: checking for suffix of object files
configure:3727: gcc -c   conftest.c >&5
configure:3731: $? = 0
configure:3752: result: o
configure:3756: checking whether we are using the GNU C compiler
configure:3775: gcc -c   conftest.c >&5
configure:3775: $? = 0
configure:3784: result: yes
configure:3793: checking whether gcc accepts -g
configure:3813: gcc -c -g  conftest.c >&5
configure:3813: $? = 0
configure:3854: result: yes
configure:3871: checking for gcc option to accept ISO C89
configure:3934: gcc  -c -g -O2  conftest.c >&5
configure:3934: $? = 0
configure:3947: result: none needed
configure:3972: checking whether gcc understands -c and -o together
configure:3994: gcc -c conftest.c -o conftest2.o
configure:3997: $? = 0
configure:3994: gcc -c conftest.c -o conftest2.o
configure:3997: $? = 0
configure:4009: result: yes
configure:4037: checking for style of include used by make
configure:4065: result: GNU
configure:4091: checking dependency style of gcc
configure:4202: result: gcc3
configure:4222: checking how to run the C preprocessor
configure:4253: gcc -E  conftest.c
configure:4253: $? = 0
configure:4267: gcc -E  conftest.c
conftest.c:11:28: fatal error: ac_nonexistent.h: No such file or directory
compilation terminated.
configure:4267: $? = 1
configure: failed program was:
| /* confdefs.h */
| #define PACKAGE_NAME "permanentrecord"
| #define PACKAGE_TARNAME "permanentrecord"
| #define PACKAGE_VERSION "0.0.1"
| #define PACKAGE_STRING "permanentrecord 0.0.1"
| #define PACKAGE_BUGREPORT ""
| #define PACKAGE_URL ""
| #define PACKAGE "permanentrecord"
| #define VERSION "0.0.1"
| /* end confdefs.h.  */
| #include <ac_nonexistent.h>
configure:4292: result: gcc -E
configure:4312: gcc -E  conftest.c
configure:4312: $? = 0
configure:4326: gcc -E  conftest.c
conftest.c:11:28: fatal error: ac_nonexistent.h: No such file or directory
compilation terminated.
configure:4326: $? = 1
configure: failed program was:
| /* confdefs.h */
| #define PACKAGE_NAME "permanentrecord"
| #define PACKAGE_TARNAME "permanentrecord"
| #define PACKAGE_VERSION "0.0.1"
| #define PACKAGE_STRING "permanentrecord 0.0.1"
| #define PACKAGE_BUGREPORT ""
| #define PACKAGE_URL ""
| #define PACKAGE "permanentrecord"
| #define VERSION "0.0.1"
| /* end confdefs.h.  */
| #include <ac_nonexistent.h>
configure:4412: checking for g++
configure:4428: found /usr/bin/g++
configure:4439: result: g++
configure:4466: checking for C++ compiler version
configure:4475: g++ --version >&5
g++ (GCC) 4.6.3
Copyright (C) 2011 Free Software Foundation, Inc.
This is free software; see the source for copying conditions.  There is NO
warranty; not even for MERCHANTABILITY or FITNESS FOR A PARTICULAR PURPOSE.

configure:4486: $? = 0
configure:4475: g++ -v >&5
Using built-in specs.
COLLECT_GCC=g++
COLLECT_LTO_WRAPPER=/usr/libexec/gcc/x86_64-pc-linux-gnu/4.6.3/lto-wrapper
Target: x86_64-pc-linux-gnu
Configured with: ./configure --prefix=/usr --enable-static --enable-shared --with-gmp=//usr --with-mpfr=//usr --with-mpc=//usr --with-cloog=//usr --with-ppl=//usr --enable-cloog-backend=isl --enable-languages=c,c++,objc,obj-c++ --enable-threads --enable-libssp --enable-libmudflap --enable-libstdcxx-pch --enable-boehm-gc --enable-libgomp --disable-sjlj-exceptions --host=x86_64-pc-linux-gnu --target=x86_64-pc-linux-gnu --build=x86_64-pc-linux-gnu --disable-multilib --config-cache --cache-file=config.cache.used.for.build --libdir=/usr/lib64 --with-libdir=/usr/lib64
Thread model: posix
gcc version 4.6.3 (GCC) 
configure:4486: $? = 0
configure:4475: g++ -V >&5
g++: error: unrecognized option '-V'
g++: fatal error: no input files
compilation terminated.
configure:4486: $? = 1
configure:4475: g++ -qversion >&5
g++: error: unrecognized option '-qversion'
g++: fatal error: no input files
compilation terminated.
configure:4486: $? = 1
configure:4490: checking whether we are using the GNU C++ compiler
configure:4509: g++ -c   conftest.cpp >&5
configure:4509: $? = 0
configure:4518: result: yes
configure:4527: checking whether g++ accepts -g
configure:4547: g++ -c -g  conftest.cpp >&5
configure:4547: $? = 0
configure:4588: result: yes
configure:4613: checking dependency style of g++
configure:4724: result: gcc3
configure:4793: checking for g++
configure:4809: found /usr/bin/g++
configure:4820: result: g++
configure:4845: checking for Objective C++ compiler version
configure:4854: g++ --version >&5
g++ (GCC) 4.6.3
Copyright (C) 2011 Free Software Foundation, Inc.
This is free software; see the source for copying conditions.  There is NO
warranty; not even for MERCHANTABILITY or FITNESS FOR A PARTICULAR PURPOSE.

configure:4865: $? = 0
configure:4854: g++ -v >&5
Using built-in specs.
COLLECT_GCC=g++
COLLECT_LTO_WRAPPER=/usr/libexec/gcc/x86_64-pc-linux-gnu/4.6.3/lto-wrapper
Target: x86_64-pc-linux-gnu
Configured with: ./configure --prefix=/usr --enable-static --enable-shared --with-gmp=//usr --with-mpfr=//usr --with-mpc=//usr --with-cloog=//usr --with-ppl=//usr --enable-cloog-backend=isl --enable-languages=c,c++,objc,obj-c++ --enable-threads --enable-libssp --enable-libmudflap --enable-libstdcxx-pch --enable-boehm-gc --enable-libgomp --disable-sjlj-exceptions --host=x86_64-pc-linux-gnu --target=x86_64-pc-linux-gnu --build=x86_64-pc-linux-gnu --disable-multilib --config-cache --cache-file=config.cache.used.for.build --libdir=/usr/lib64 --with-libdir=/usr/lib64
Thread model: posix
gcc version 4.6.3 (GCC) 
configure:4865: $? = 0
configure:4854: g++ -V >&5
g++: error: unrecognized option '-V'
g++: fatal error: no input files
compilation terminated.
configure:4865: $? = 1
configure:4854: g++ -qversion >&5
g++: error: unrecognized option '-qversion'
g++: fatal error: no input files
compilation terminated.
configure:4865: $? = 1
configure:4869: checking whether we are using the GNU Objective C++ compiler
configure:4888: g++ -c   conftest.mm >&5
configure:4888: $? = 0
configure:4897: result: yes
configure:4906: checking whether g++ accepts -g
configure:4926: g++ -c -g  conftest.mm >&5
configure:4926: $? = 0
configure:4967: result: yes
configure:4992: checking dependency style of g++
configure:5101: result: gcc3
configure:5160: checking for ranlib
configure:5176: found /usr/bin/ranlib
configure:5187: result: ranlib
configure:5219: checking for special C compiler options needed for large files
configure:5264: result: no
configure:5270: checking for _FILE_OFFSET_BITS value needed for large files
configure:5295: gcc -c -g -O2  conftest.c >&5
configure:5295: $? = 0
configure:5327: result: no
configure:5415: checking for grep that handles long lines and -e
configure:5473: result: /usr/bin/grep
configure:5478: checking for egrep
configure:5540: result: /usr/bin/grep -E
configure:5545: checking for ANSI C header files
configure:5565: gcc -c -g -O2  conftest.c >&5
configure:5565: $? = 0
configure:5638: gcc -o conftest -g -O2   conftest.c  >&5
configure:5638: $? = 0
configure:5638: ./conftest
configure:5638: $? = 0
configure:5649: result: yes
configure:5662: checking for sys/types.h
configure:5662: gcc -c -g -O2  conftest.c >&5
configure:5662: $? = 0
configure:5662: result: yes
configure:5662: checking for sys/stat.h
configure:5662: gcc -c -g -O2  conftest.c >&5
configure:5662: $? = 0
configure:5662: result: yes
configure:5662: checking for stdlib.h
configure:5662: gcc -c -g -O2  conftest.c >&5
configure:5662: $? = 0
configure:5662: result: yes
configure:5662: checking for string.h
configure:5662: gcc -c -g -O2  conftest.c >&5
configure:5662: $? = 0
configure:5662: result: yes
configure:5662: checking for memory.h
configure:5662: gcc -c -g -O2  conftest.c >&5
configure:5662: $? = 0
configure:5662: result: yes
configure:5662: checking for strings.h
configure:5662: gcc -c -g -O2  conftest.c >&5
configure:5662: $? = 0
configure:5662: result: yes
configure:5662: checking for inttypes.h
configure:5662: gcc -c -g -O2  conftest.c >&5
configure:5662: $? = 0
configure:5662: result: yes
configure:5662: checking for stdint.h
configure:5662: gcc -c -g -O2  conftest.c >&5
configure:5662: $? = 0
configure:5662: result: yes
configure:5662: checking for unistd.h
configure:5662: gcc -c -g -O2  conftest.c >&5
configure:5662: $? = 0
configure:5662: result: yes
configure:5674: checking whether byte ordering is bigendian
configure:5689: gcc -c -g -O2  conftest.c >&5
conftest.c:22:9: error: unknown type name 'not'
conftest.c:22:15: error: expected '=', ',', ';', 'asm' or '__attribute__' before 'universal'
conftest.c:22:15: error: unknown type name 'universal'
configure:5689: $? = 1
configure: failed program was:
| /* confdefs.h */
| #define PACKAGE_NAME "permanentrecord"
| #define PACKAGE_TARNAME "permanentrecord"
| #define PACKAGE_VERSION "0.0.1"
| #define PACKAGE_STRING "permanentrecord 0.0.1"
| #define PACKAGE_BUGREPORT ""
| #define PACKAGE_URL ""
| #define PACKAGE "permanentrecord"
| #define VERSION "0.0.1"
| #define STDC_HEADERS 1
| #define HAVE_SYS_TYPES_H 1
| #define HAVE_SYS_STAT_H 1
| #define HAVE_STDLIB_H 1
| #define HAVE_STRING_H 1
| #define HAVE_MEMORY_H 1
| #define HAVE_STRINGS_H 1
| #define HAVE_INTTYPES_H 1
| #define HAVE_STDINT_H 1
| #define HAVE_UNISTD_H 1
| /* end confdefs.h.  */
| #ifndef __APPLE_CC__
| 	       not a universal capable compiler
| 	     #endif
| 	     typedef int dummy;
| 
configure:5734: gcc -c -g -O2  conftest.c >&5
configure:5734: $? = 0
configure:5752: gcc -c -g -O2  conftest.c >&5
conftest.c: In function 'main':
conftest.c:28:4: error: unknown type name 'not'
conftest.c:28:12: error: expected '=', ',', ';', 'asm' or '__attribute__' before 'endian'
configure:5752: $? = 1
configure: failed program was:
| /* confdefs.h */
| #define PACKAGE_NAME "permanentrecord"
| #define PACKAGE_TARNAME "permanentrecord"
| #define PACKAGE_VERSION "0.0.1"
| #define PACKAGE_STRING "permanentrecord 0.0.1"
| #define PACKAGE_BUGREPORT ""
| #define PACKAGE_URL ""
| #define PACKAGE "permanentrecord"
| #define VERSION "0.0.1"
| #define STDC_HEADERS 1
| #define HAVE_SYS_TYPES_H 1
| #define HAVE_SYS_STAT_H 1
| #define HAVE_STDLIB_H 1
| #define HAVE_STRING_H 1
| #define HAVE_MEMORY_H 1
| #define HAVE_STRINGS_H 1
| #define HAVE_INTTYPES_H 1
| #define HAVE_STDINT_H 1
| #define HAVE_UNISTD_H 1
| /* end confdefs.h.  */
| #include <sys/types.h>
| 		#include <sys/param.h>
| 
| int
| main ()
| {
| #if BYTE_ORDER != BIG_ENDIAN
| 		 not big endian
| 		#endif
| 
|   ;
|   return 0;
| }
configure:5880: result: no
configure:5899: checking for an ANSI C-conforming const
configure:5965: gcc -c -g -O2  conftest.c >&5
configure:5965: $? = 0
configure:5972: result: yes
configure:5980: checking for inline
configure:5996: gcc -c -g -O2  conftest.c >&5
configure:5996: $? = 0
configure:6004: result: inline
configure:6022: checking for size_t
configure:6022: gcc -c -g -O2  conftest.c >&5
configure:6022: $? = 0
configure:6022: gcc -c -g -O2  conftest.c >&5
conftest.c: In function 'main':
conftest.c:57:21: error: expected expression before ')' token
configure:6022: $? = 1
configure: failed program was:
| /* confdefs.h */
| #define PACKAGE_NAME "permanentrecord"
| #define PACKAGE_TARNAME "permanentrecord"
| #define PACKAGE_VERSION "0.0.1"
| #define PACKAGE_STRING "permanentrecord 0.0.1"
| #define PACKAGE_BUGREPORT ""
| #define PACKAGE_URL ""
| #define PACKAGE "permanentrecord"
| #define VERSION "0.0.1"
| #define STDC_HEADERS 1
| #define HAVE_SYS_TYPES_H 1
| #define HAVE_SYS_STAT_H 1
| #define HAVE_STDLIB_H 1
| #define HAVE_STRING_H 1
| #define HAVE_MEMORY_H 1
| #define HAVE_STRINGS_H 1
| #define HAVE_INTTYPES_H 1
| #define HAVE_STDINT_H 1
| #define HAVE_UNISTD_H 1
| /* end confdefs.h.  */
| #include <stdio.h>
| #ifdef HAVE_SYS_TYPES_H
| # include <sys/types.h>
| #endif
| #ifdef HAVE_SYS_STAT_H
| # include <sys/stat.h>
| #endif
| #ifdef STDC_HEADERS
| # include <stdlib.h>
| # include <stddef.h>
| #else
| # ifdef HAVE_STDLIB_H
| #  include <stdlib.h>
| # endif
| #endif
| #ifdef HAVE_STRING_H
| # if !defined STDC_HEADERS && defined HAVE_MEMORY_H
| #  include <memory.h>
| # endif
| # include <string.h>
| #endif
| #ifdef HAVE_STRINGS_H
| # include <strings.h>
| #endif
| #ifdef HAVE_INTTYPES_H
| # include <inttypes.h>
| #endif
| #ifdef HAVE_STDINT_H
| # include <stdint.h>
| #endif
| #ifdef HAVE_UNISTD_H
| # include <unistd.h>
| #endif
| int
| main ()
| {
| if (sizeof ((size_t)))
| 	    return 0;
|   ;
|   return 0;
| }
configure:6022: result: yes
configure:6033: checking whether struct tm is in sys/time.h or time.h
configure:6053: gcc -c -g -O2  conftest.c >&5
configure:6053: $? = 0
configure:6060: result: time.h
configure:6072: checking size of unsigned char
configure:6077: gcc -o conftest -g -O2   conftest.c  >&5
configure:6077: $? = 0
configure:6077: ./conftest
configure:6077: $? = 0
configure:6091: result: 1
configure:6105: checking size of unsigned short
configure:6110: gcc -o conftest -g -O2   conftest.c  >&5
configure:6110: $? = 0
configure:6110: ./conftest
configure:6110: $? = 0
configure:6124: result: 2
configure:6138: checking size of unsigned int
configure:6143: gcc -o conftest -g -O2   conftest.c  >&5
configure:6143: $? = 0
configure:6143: ./conftest
configure:6143: $? = 0
configure:6157: result: 4
configure:6171: checking size of unsigned long
configure:6176: gcc -o conftest -g -O2   conftest.c  >&5
configure:6176: $? = 0
configure:6176: ./conftest
configure:6176: $? = 0
configure:6190: result: 8
configure:6204: checking size of unsigned long long
configure:6209: gcc -o conftest -g -O2   conftest.c  >&5
configure:6209: $? = 0
configure:6209: ./conftest
configure:6209: $? = 0
configure:6223: result: 8
configure:6237: checking size of int *
configure:6242: gcc -o conftest -g -O2   conftest.c  >&5
configure:6242: $? = 0
configure:6242: ./conftest
configure:6242: $? = 0
configure:6256: result: 8
configure:6270: checking for stdlib.h
configure:6270: result: yes
configure:6270: checking for sys/types.h
configure:6270: result: yes
configure:6283: checking for sys/socket.h
configure:6283: gcc -c -g -O2  conftest.c >&5
configure:6283: $? = 0
configure:6283: result: yes
configure:6283: checking for netinet/in.h
configure:6283: gcc -c -g -O2  conftest.c >&5
configure:6283: $? = 0
configure:6283: result: yes
configure:6283: checking for pwd.h
configure:6283: gcc -c -g -O2  conftest.c >&5
configure:6283: $? = 0
configure:6283: result: yes
configure:6327: gcc -c -g -O2  conftest.c >&5
configure:6327: $? = 0
configure:6336: checking checking for C++11 support
configure:6339: checking whether g++ accepts " -std=gnu++11 "
configure:6371: result: no
configure:6378: checking whether g++ accepts " -std=gnu++0x "
configure:6387: result: yes
configure:6391: checking whether gcc -E accepts " -std=gnu++0x "
configure:6399: gcc -E  -std=gnu++0x   conftest.c
cc1: warning: command line option '-std=gnu++0x' is valid for C++/ObjC++ but not for C [enabled by default]
configure:6399: $? = 0
configure:6400: result: yes
configure:6435: checking whether g++ accepts " -Wall "
configure:6444: result: yes
configure:6448: checking whether gcc -E accepts " -Wall "
configure:6456: gcc -E  -Wall   -std=gnu++0x   conftest.c
cc1: warning: command line option '-std=gnu++0x' is valid for C++/ObjC++ but not for C [enabled by default]
configure:6456: $? = 0
configure:6457: result: yes
configure:6473: checking whether g++ accepts " -Wextra "
configure:6482: result: yes
configure:6486: checking whether gcc -E accepts " -Wextra "
configure:6494: gcc -E  -Wextra   -Wall   -std=gnu++0x   conftest.c
cc1: warning: command line option '-std=gnu++0x' is valid for C++/ObjC++ but not for C [enabled by default]
configure:6494: $? = 0
configure:6495: result: yes
configure:6511: checking whether g++ accepts " -pedantic "
configure:6520: result: yes
configure:6524: checking whether gcc -E accepts " -pedantic "
configure:6532: gcc -E  -pedantic   -Wextra   -Wall   -std=gnu++0x   conftest.c
cc1: warning: command line option '-std=gnu++0x' is valid for C++/ObjC++ but not for C [enabled by default]
configure:6532: $? = 0
configure:6533: result: yes
configure:6549: checking whether g++ accepts " -Wconversion "
configure:6558: result: yes
configure:6562: checking whether gcc -E accepts " -Wconversion "
configure:6570: gcc -E  -Wconversion   -pedantic   -Wextra   -Wall   -std=gnu++0x   conftest.c
cc1: warning: command line option '-std=gnu++0x' is valid for C++/ObjC++ but not for C [enabled by default]
configure:6570: $? = 0
configure:6571: result: yes
configure:6587: checking whether g++ accepts " -Wsign-conversion "
configure:6596: result: yes
configure:6600: checking whether gcc -E accepts " -Wsign-conversion "
configure:6608: gcc -E  -Wsign-conversion   -Wconversion   -pedantic   -Wextra   -Wall   -std=gnu++0x   conftest.c
cc1: warning: command line option '-std=gnu++0x' is valid for C++/ObjC++ but not for C [enabled by default]
configure:6608: $? = 0
configure:6609: result: yes
configure:6625: checking whether g++ accepts " -Wconversion-null "
configure:6634: result: yes
configure:6638: checking whether gcc -E accepts " -Wconversion-null "
configure:6646: gcc -E  -Wconversion-null   -Wsign-conversion   -Wconversion   -pedantic   -Wextra   -Wall   -std=gnu++0x   conftest.c
cc1: warning: command line option '-std=gnu++0x' is valid for C++/ObjC++ but not for C [enabled by default]
cc1: warning: command line option '-Wconversion-null' is valid for C++/ObjC++ but not for C [enabled by default]
configure:6646: $? = 0
configure:6647: result: yes
configure:6664: checking whether g++ accepts " -Wno-implicit-fallthrough "
configure:6673: result: yes
configure:6677: checking whether gcc -E accepts " -Wno-implicit-fallthrough "
configure:6685: gcc -E  -Wno-implicit-fallthrough   -Wconversion-null   -Wsign-conversion   -Wconversion   -pedantic   -Wextra   -Wall   -std=gnu++0x   conftest.c
cc1: warning: command line option '-std=gnu++0x' is valid for C++/ObjC++ but not for C [enabled by default]
cc1: warning: command line option '-Wconversion-null' is valid for C++/ObjC++ but not for C [enabled by default]
cc1: warning: unrecognized command line option "-Wno-implicit-fallthrough" [enabled by default]
configure:6685: $? = 0
configure:6686: result: yes
configure:6703: checking whether g++ accepts " -Wno-strict-aliasing "
configure:6712: result: yes
configure:6716: checking whether gcc -E accepts " -Wno-strict-aliasing "
configure:6724: gcc -E  -Wno-strict-aliasing   -Wno-implicit-fallthrough   -Wconversion-null   -Wsign-conversion   -Wconversion   -pedantic   -Wextra   -Wall   -std=gnu++0x   conftest.c
cc1: warning: command line option '-std=gnu++0x' is valid for C++/ObjC++ but not for C [enabled by default]
cc1: warning: command line option '-Wconversion-null' is valid for C++/ObjC++ but not for C [enabled by default]
cc1: warning: unrecognized command line option "-Wno-implicit-fallthrough" [enabled by default]
configure:6724: $? = 0
configure:6725: result: yes
configure:6742: checking whether g++ accepts " -Wno-missing-field-initializers "
configure:6751: result: yes
configure:6755: checking whether gcc -E accepts " -Wno-missing-field-initializers "
configure:6763: gcc -E  -Wno-missing-field-initializers   -Wno-strict-aliasing   -Wno-implicit-fallthrough   -Wconversion-null   -Wsign-conversion   -Wconversion   -pedantic   -Wextra   -Wall   -std=gnu++0x   conftest.c
cc1: warning: command line option '-std=gnu++0x' is valid for C++/ObjC++ but not for C [enabled by default]
cc1: warning: command line option '-Wconversion-null' is valid for C++/ObjC++ but not for C [enabled by default]
cc1: warning: unrecognized command line option "-Wno-implicit-fallthrough" [enabled by default]
configure:6763: $? = 0
configure:6764: result: yes
configure:6780: checking whether g++ accepts " -Wno-format-zero-length "
configure:6789: result: yes
configure:6793: checking whether gcc -E accepts " -Wno-format-zero-length "
configure:6801: gcc -E  -Wno-format-zero-length   -Wno-missing-field-initializers   -Wno-strict-aliasing   -Wno-implicit-fallthrough   -Wconversion-null   -Wsign-conversion   -Wconversion   -pedantic   -Wextra   -Wall   -std=gnu++0x   conftest.c
cc1: warning: command line option '-std=gnu++0x' is valid for C++/ObjC++ but not for C [enabled by default]
cc1: warning: command line option '-Wconversion-null' is valid for C++/ObjC++ but not for C [enabled by default]
cc1: warning: unrecognized command line option "-Wno-implicit-fallthrough" [enabled by default]
configure:6801: $? = 0
configure:6802: result: yes
configure:6819: checking whether g++ accepts " -Wno-address-of-packed-member "
configure:6828: result: yes
configure:6832: checking whether gcc -E accepts " -Wno-address-of-packed-member "
configure:6840: gcc -E  -Wno-address-of-packed-member   -Wno-format-zero-length   -Wno-missing-field-initializers   -Wno-strict-aliasing   -Wno-implicit-fallthrough   -Wconversion-null   -Wsign-conversion   -Wconversion   -pedantic   -Wextra   -Wall   -std=gnu++0x   conftest.c
cc1: warning: command line option '-std=gnu++0x' is valid for C++/ObjC++ but not for C [enabled by default]
cc1: warning: command line option '-Wconversion-null' is valid for C++/ObjC++ but not for C [enabled by default]
cc1: warning: unrecognized command line option "-Wno-implicit-fallthrough" [enabled by default]
cc1: warning: unrecognized command line option "-Wno-address-of-packed-member" [enabled by default]
configure:6840: $? = 0
configure:6841: result: yes
configure:6857: checking whether g++ accepts " -Wno-int-to-void-pointer-cast "
configure:6866: result: yes
configure:6870: checking whether gcc -E accepts " -Wno-int-to-void-pointer-cast "
configure:6878: gcc -E  -Wno-int-to-void-pointer-cast   -Wno-address-of-packed-member   -Wno-format-zero-length   -Wno-missing-field-initializers   -Wno-strict-aliasing   -Wno-implicit-fallthrough   -Wconversion-null   -Wsign-conversion   -Wconversion   -pedantic   -Wextra   -Wall   -std=gnu++0x   conftest.c
cc1: warning: command line option '-std=gnu++0x' is valid for C++/ObjC++ but not for C [enabled by default]
cc1: warning: command line option '-Wconversion-null' is valid for C++/ObjC++ but not for C [enabled by default]
cc1: warning: unrecognized command line option "-Wno-implicit-fallthrough" [enabled by default]
cc1: warning: unrecognized command line option "-Wno-address-of-packed-member" [enabled by default]
cc1: warning: unrecognized command line option "-Wno-int-to-void-pointer-cast" [enabled by default]
configure:6878: $? = 0
configure:6879: result: yes
configure:6895: checking whether g++ accepts " -Wno-extended-offsetof "
configure:6904: result: yes
configure:6908: checking whether gcc -E accepts " -Wno-extended-offsetof "
configure:6916: gcc -E  -Wno-extended-offsetof   -Wno-int-to-void-pointer-cast   -Wno-address-of-packed-member   -Wno-format-zero-length   -Wno-missing-field-initializers   -Wno-strict-aliasing   -Wno-implicit-fallthrough   -Wconversion-null   -Wsign-conversion   -Wconversion   -pedantic   -Wextra   -Wall   -std=gnu++0x   conftest.c
cc1: warning: command line option '-std=gnu++0x' is valid for C++/ObjC++ but not for C [enabled by default]
cc1: warning: command line option '-Wconversion-null' is valid for C++/ObjC++ but not for C [enabled by default]
cc1: warning: unrecognized command line option "-Wno-implicit-fallthrough" [enabled by default]
cc1: warning: unrecognized command line option "-Wno-address-of-packed-member" [enabled by default]
cc1: warning: unrecognized command line option "-Wno-int-to-void-pointer-cast" [enabled by default]
cc1: warning: unrecognized command line option "-Wno-extended-offsetof" [enabled by default]
configure:6916: $? = 0
configure:6917: result: yes
configure:6987: checking for pkg-config
configure:7005: found /usr/bin/pkg-config
configure:7017: result: /usr/bin/pkg-config
configure:7042: checking pkg-config is at least version 0.9.0
configure:7045: result: yes
configure:7055: checking for ALSA
configure:7062: $PKG_CONFIG --exists --print-errors "alsa"
configure:7065: $? = 0
configure:7078: $PKG_CONFIG --exists --print-errors "alsa"
configure:7081: $? = 0
configure:7118: result: yes
configure:7155: checking whether g++ accepts " -pthread "
configure:7164: result: yes
configure:7168: checking whether gcc -E accepts " -pthread "
configure:7176: gcc -E  -pthread   -Wno-extended-offsetof   -Wno-int-to-void-pointer-cast   -Wno-address-of-packed-member   -Wno-format-zero-length   -Wno-missing-field-initializers   -Wno-strict-aliasing   -Wno-implicit-fallthrough   -Wconversion-null   -Wsign-conversion   -Wconversion   -pedantic   -Wextra   -Wall   -std=gnu++0x   conftest.c
cc1: warning: command line option '-std=gnu++0x' is valid for C++/ObjC++ but not for C [enabled by default]
cc1: warning: command line option '-Wconversion-null' is valid for C++/ObjC++ but not for C [enabled by default]
cc1: warning: unrecognized command line option "-Wno-implicit-fallthrough" [enabled by default]
cc1: warning: unrecognized command line option "-Wno-address-of-packed-member" [enabled by default]
cc1: warning: unrecognized command line option "-Wno-int-to-void-pointer-cast" [enabled by default]
cc1: warning: unrecognized command line option "-Wno-extended-offsetof" [enabled by default]
configure:7176: $? = 0
configure:7177: result: yes
configure:7217: checking for clock_gettime in -lrt
configure:7242: gcc -o conftest -g  -O2  -pthread   -Wno-extended-offsetof   -Wno-int-to-void-pointer-cast   -Wno-address-of-packed-member   -Wno-format-zero-length   -Wno-missing-field-initializers   -Wno-strict-aliasing   -Wno-implicit-fallthrough   -Wconversion-null   -Wsign-conversion   -Wconversion   -pedantic   -Wextra   -Wall   -std=gnu++0x    conftest.c -lrt   >&5
cc1: warning: command line option '-Wconversion-null' is valid for C++/ObjC++ but not for C [enabled by default]
cc1: warning: command line option '-std=gnu++0x' is valid for C++/ObjC++ but not for C [enabled by default]
cc1: warning: unrecognized command line option "-Wno-implicit-fallthrough" [enabled by default]
cc1: warning: unrecognized command line option "-Wno-address-of-packed-member" [enabled by default]
cc1: warning: unrecognized command line option "-Wno-int-to-void-pointer-cast" [enabled by default]
cc1: warning: unrecognized command line option "-Wno-extended-offsetof" [enabled by default]
configure:7242: $? = 0
configure:7251: result: yes
configure:7375: checking that generated files are newer than configure
configure:7381: result: done
configure:7421: creating ./config.status

## ---------------------- ##
## Running config.status. ##
## ---------------------- ##

This file was extended by permanentrecord config.status 0.0.1, which was
generated by GNU Autoconf 2.69.  Invocation command line was

  CONFIG_FILES    = 
  CONFIG_HEADERS  = 
  CONFIG_LINKS    = 
  CONFIG_COMMANDS = 
  $ ./config.status 

on keyboard-amnesia-asshole-acer2016

config.status:900: creating Makefile
config.status:900: creating config.h
config.status:1129: executing depfiles commands

## ---------------- ##
## Cache variables. ##
## ---------------- ##

ac_cv_build=x86_64-unknown-linux-gnu
ac_cv_c_bigendian=no
ac_cv_c_compiler_gnu=yes
ac_cv_c_const=yes
ac_cv_c_inline=inline
ac_cv_cxx_compiler_gnu=yes
ac_cv_env_ALSA_CFLAGS_set=
ac_cv_env_ALSA_CFLAGS_value=
ac_cv_env_ALSA_LIBS_set=
ac_cv_env_ALSA_LIBS_value=
ac_cv_env_CCC_set=
ac_cv_env_CCC_value=
ac_cv_env_CC_set=
ac_cv_env_CC_value=
ac_cv_env_CFLAGS_set=
ac_cv_env_CFLAGS_value=
ac_cv_env_CPPFLAGS_set=
ac_cv_env_CPPFLAGS_value=
ac_cv_env_CPP_set=
ac_cv_env_CPP_value=
ac_cv_env_CXXFLAGS_set=
ac_cv_env_CXXFLAGS_value=
ac_cv_env_CXX_set=
ac_cv_env_CXX_value=
ac_cv_env_LDFLAGS_set=
ac_cv_env_LDFLAGS_value=
ac_cv_env_LIBS_set=
ac_cv_env_LIBS_value=
ac_cv_env_OBJCXXFLAGS_set=
ac_cv_env_OBJCXXFLAGS_value=
ac_cv_env_OBJCXX_set=
ac_cv_env_OBJCXX_value=
ac_cv_env_PKG_CONFIG_LIBDIR_set=
ac_cv_env_PKG_CONFIG_LIBDIR_value=
ac_cv_env_PKG_CONFIG_PATH_set=
ac_cv_env_PKG_CONFIG_PATH_value=
ac_cv_env_PKG_CONFIG_set=
ac_cv_env_PKG_CONFIG_value=
ac_cv_env_build_alias_set=
ac_cv_env_build_alias_value=
ac_cv_env_host_alias_set=
ac_cv_env_host_alias_value=
ac_cv_env_target_alias_set=
ac_cv_env_target_alias_value=
ac_cv_header_inttypes_h=yes
ac_cv_header_memory_h=yes
ac_cv_header_netinet_in_h=yes
ac_cv_header_pwd_h=yes
ac_cv_header_stdc=yes
ac_cv_header_stdint_h=yes
ac_cv_header_stdlib_h=yes
ac_cv_header_string_h=yes
ac_cv_header_strings_h=yes
ac_cv_header_sys_socket_h=yes
ac_cv_header_sys_stat_h=yes
ac_cv_header_sys_types_h=yes
ac_cv_header_unistd_h=yes
ac_cv_host=x86_64-unknown-linux-gnu
ac_cv_lib_rt_clock_gettime=yes
ac_cv_objcxx_compiler_gnu=yes
ac_cv_objext=o
ac_cv_path_EGREP='/usr/bin/grep -E'
ac_cv_path_GREP=/usr/bin/grep
ac_cv_path_ac_pt_PKG_CONFIG=/usr/bin/pkg-config
ac_cv_path_install='/usr/bin/install -c'
ac_cv_path_mkdir=/bin/mkdir
ac_cv_prog_AWK=gawk
ac_cv_prog_CPP='gcc -E'
ac_cv_prog_ac_ct_CC=gcc
ac_cv_prog_ac_ct_CXX=g++
ac_cv_prog_ac_ct_OBJCXX=g++
ac_cv_prog_ac_ct_RANLIB=ranlib
ac_cv_prog_cc_c89=
ac_cv_prog_cc_g=yes
ac_cv_prog_cxx_g=yes
ac_cv_prog_make_make_set=yes
ac_cv_prog_objcxx_g=yes
ac_cv_sizeof_int_p=8
ac_cv_sizeof_unsigned_char=1
ac_cv_sizeof_unsigned_int=4
ac_cv_sizeof_unsigned_long=8
ac_cv_sizeof_unsigned_long_long=8
ac_cv_sizeof_unsigned_short=2
ac_cv_struct_tm=time.h
ac_cv_sys_file_offset_bits=no
ac_cv_sys_largefile_CC=no
ac_cv_type_size_t=yes
am_cv_CC_dependencies_compiler_type=gcc3
am_cv_CXX_dependencies_compiler_type=gcc3
am_cv_OBJCXX_dependencies_compiler_type=gcc3
am_cv_make_support_nested_variables=yes
am_cv_prog_cc_c_o=yes
pkg_cv_ALSA_CFLAGS='-I/usr/include/alsa  '
pkg_cv_ALSA_LIBS='-lasound  '

## ----------------- ##
## Output variables. ##
## ----------------- ##

ACLOCAL='${SHELL} /usr/src/permanentrecord/missing aclocal-1.14'
ALSA_CFLAGS='-I/usr/include/alsa  '
ALSA_LIBS='-lasound  '
AMDEPBACKSLASH='\'
AMDEP_FALSE='#'
AMDEP_TRUE=''
AMTAR='$${TAR-tar}'
AM_BACKSLASH='\'
AM_DEFAULT_V='$(AM_DEFAULT_VERBOSITY)'
AM_DEFAULT_VERBOSITY='1'
AM_V='$(V)'
AUTOCONF='${SHELL} /usr/src/permanentrecord/missing autoconf'
AUTOHEADER='${SHELL} /usr/src/permanentrecord/missing autoheader'
AUTOMAKE='${SHELL} /usr/src/permanentrecord/missing automake-1.14'
AWK='gawk'
CC='gcc'
CCDEPMODE='depmode=gcc3'
CFLAGS='-g  -O2'
CPP='gcc -E'
CPPFLAGS=' -pthread   -Wno-extended-offsetof   -Wno-int-to-void-pointer-cast   -Wno-address-of-packed-member   -Wno-format-zero-length   -Wno-missing-field-initializers   -Wno-strict-aliasing   -Wno-implicit-fallthrough   -Wconversion-null   -Wsign-conversion   -Wconversion   -pedantic   -Wextra   -Wall   -std=gnu++0x  '
CXX='g++'
CXXDEPMODE='depmode=gcc3'
CXXFLAGS='-g -std=gnu++0x   -O2  -Wall   -Wextra   -pedantic   -Wconversion   -Wsign-conversion   -Wconversion-null   -Wno-implicit-fallthrough   -Wno-strict-aliasing   -Wno-missing-field-initializers   -Wno-format-zero-length   -Wno-address-of-packed-member   -Wno-int-to-void-pointer-cast   -Wno-extended-offsetof   -pthread '
CYGPATH_W='echo'
DEFS='-DHAVE_CONFIG_H'
DEPDIR='.deps'
ECHO_C=''
ECHO_N='-n'
ECHO_T=''
EGREP='/usr/bin/grep -E'
EXEEXT=''
GREP='/usr/bin/grep'
HAVE_ALSA_FALSE='#'
HAVE_ALSA_TRUE=''
HAVE_PTHREADS_FALSE='#'
HAVE_PTHREADS_TRUE=''
INSTALL_DATA='${INSTALL} -m 644'
INSTALL_PROGRAM='${INSTALL}'
INSTALL_SCRIPT='${INSTALL}'
INSTALL_STRIP_PROGRAM='$(install_sh) -c -s'
LDFLAGS=' -lrt -lm'
LIBOBJS=''
LIBS=''
LTLIBOBJS=''
MAKEINFO='${SHELL} /usr/src/permanentrecord/missing makeinfo'
MKDIR_P='/bin/mkdir -p'
OBJCXX='g++'
OBJCXXDEPMODE='depmode=gcc3'
OBJCXXFLAGS='-g -O2'
OBJEXT='o'
PACKAGE='permanentrecord'
PACKAGE_BUGREPORT=''
PACKAGE_NAME='permanentrecord'
PACKAGE_STRING='permanentrecord 0.0.1'
PACKAGE_TARNAME='permanentrecord'
PACKAGE_URL=''
PACKAGE_VERSION='0.0.1'
PATH_SEPARATOR=':'
PKG_CONFIG='/usr/bin/pkg-config'
PKG_CONFIG_LIBDIR=''
PKG_CONFIG_PATH=''
RANLIB='ranlib'
SET_MAKE=''
SHELL='/bin/sh'
STRIP=''
VERSION='0.0.1'
ac_ct_CC='gcc'
ac_ct_CXX='g++'
ac_ct_OBJCXX='g++'
am__EXEEXT_FALSE=''
am__EXEEXT_TRUE='#'
am__fastdepCC_FALSE='#'
am__fastdepCC_TRUE=''
am__fastdepCXX_FALSE='#'
am__fastdepCXX_TRUE=''
am__fastdepOBJCXX_FALSE='#'
am__fastdepOBJCXX_TRUE=''
am__include='include'
am__isrc=''
am__leading_dot='.'
am__nodep='_no'
am__quote=''
am__tar='$${TAR-tar} chof - "$$tardir"'
am__untar='$${TAR-tar} xf -'
bindir='${exec_prefix}/bin'
build='x86_64-unknown-linux-gnu'
build_alias=''
build_cpu='x86_64'
build_os='linux-gnu'
build_vendor='unknown'
datadir='${datarootdir}'
datarootdir='${prefix}/share'
docdir='${datarootdir}/doc/${PACKAGE_TARNAME}'
dvidir='${docdir}'
exec_prefix='${prefix}'
host='x86_64-unknown-linux-gnu'
host_alias=''
host_cpu='x86_64'
host_os='linux-gnu'
host_vendor='unknown'
htmldir='${docdir}'
includedir='${prefix}/include'
infodir='${datarootdir}/info'
install_sh='${SHELL} /usr/src/permanentrecord/install-sh'
libdir='${exec_prefix}/lib'
libexecdir='${exec_prefix}/libexec'
localedir='${datarootdir}/locale'
localstatedir='${prefix}/var'
mandir='${datarootdir}/man'
mkdir_p='$(MKDIR_P)'
oldincludedir='/usr/include'
pdfdir='${docdir}'
prefix='/usr/local'
program_transform_name='s,x,x,'
psdir='${docdir}'
sbindir='${exec_prefix}/sbin'
sharedstatedir='${prefix}/com'
sysconfdir='${prefix}/etc'
target_alias=''

## ----------- ##
## confdefs.h. ##
## ----------- ##

/* confdefs.h */
#define PACKAGE_NAME "permanentrecord"
#define PACKAGE_TARNAME "permanentrecord"
#define PACKAGE_VERSION "0.0.1"
#define PACKAGE_STRING "permanentrecord 0.0.1"
#define PACKAGE_BUGREPORT ""
#define PACKAGE_URL ""
#define PACKAGE "permanentrecord"
#define VERSION "0.0.1"
#define STDC_HEADERS 1
#define HAVE_SYS_TYPES_H 1
#define HAVE_SYS_STAT_H 1
#define HAVE_STDLIB_H 1
#define HAVE_STRING_H 1
#define HAVE_MEMORY_H 1
#define HAVE_STRINGS_H 1
#define HAVE_INTTYPES_H 1
#define HAVE_STDINT_H 1
#define HAVE_UNISTD_H 1
#define SIZEOF_UNSIGNED_CHAR 1
#define SIZEOF_UNSIGNED_SHORT 2
#define SIZEOF_UNSIGNED_INT 4
#define SIZEOF_UNSIGNED_LONG 8
#define SIZEOF_UNSIGNED_LONG_LONG 8
#define SIZEOF_INT_P 8
#define HAVE_STDLIB_H 1
#define HAVE_SYS_TYPES_H 1
#define HAVE_SYS_SOCKET_H 1
#define HAVE_NETINET_IN_H 1
#define HAVE_PWD_H 1
#define HAVE_ALSA 1
#define HAVE_PTHREADS 1
#define C_CLOCK_GETTIME 1

configure: exit 0

## ---------------------- ##
## Running config.status. ##
## ---------------------- ##

This file was extended by permanentrecord config.status 0.0.1, which was
generated by GNU Autoconf 2.69.  Invocation command line was

  CONFIG_FILES    = 
  CONFIG_HEADERS  = 
  CONFIG_LINKS    = 
  CONFIG_COMMANDS = 
  $ ./config.status config.h

on keyboard-amnesia-asshole-acer2016

config.status:900: creating config.h
config.status:1081: config.h is unchanged
